<?xml version="1.0" encoding="UTF-8"?>
<!-- Generated by org.testng.reporters.JUnitXMLReporter -->
<testsuite hostname="chndippd03s1.data.cox.com" name="LoginTests for IE" tests="3" failures="0" timestamp="24 Aug 2019 01:31:17 GMT" time="0.012" errors="0">
  <testcase name="successfulLogin" time="0.002" classname="com.reqresLoginTests.LoginTests"/>
  <testcase name="invalidUsername" time="0.002" classname="com.reqresLoginTests.LoginTests"/>
  <testcase name="invalidPassword_butValidUsername" time="0.003" classname="com.reqresLoginTests.LoginTests"/>
</testsuite> <!-- LoginTests for IE -->
