<?xml version="1.0" encoding="UTF-8"?>
<!-- Generated by org.testng.reporters.JUnitXMLReporter -->
<testsuite hostname="chndippd03s1.data.cox.com" name="LoginTests for Chrome" tests="3" failures="0" timestamp="24 Aug 2019 01:57:42 GMT" time="6.923" errors="0">
  <testcase name="successfulLogin" time="0.081" classname="com.reqresLoginTests.LoginTests"/>
  <testcase name="invalidUsername" time="0.009" classname="com.reqresLoginTests.LoginTests"/>
  <testcase name="invalidPassword_butValidUsername" time="0.628" classname="com.reqresLoginTests.LoginTests"/>
</testsuite> <!-- LoginTests for Chrome -->
