<?xml version="1.0" encoding="UTF-8"?>
<!-- Generated by org.testng.reporters.JUnitXMLReporter -->
<testsuite hostname="chndippd03s1.data.cox.com" name="LoginTests" tests="3" failures="0" timestamp="24 Aug 2019 00:46:09 GMT" time="0.268" errors="0">
  <testcase name="successfulLogin" time="0.137" classname="com.reqresLoginTests.LoginTests"/>
  <testcase name="invalidUsername" time="0.006" classname="com.reqresLoginTests.LoginTests"/>
  <testcase name="invalidPassword_butValidUsername" time="0.005" classname="com.reqresLoginTests.LoginTests"/>
</testsuite> <!-- LoginTests -->
