<?xml version="1.0" encoding="UTF-8"?>
<testng-results skipped="0" failed="0" total="3" passed="3">
  <reporter-output>
  </reporter-output>
  <suite name="Regression Suite" duration-ms="6923" started-at="2019-08-24T01:57:35Z" finished-at="2019-08-24T01:57:42Z">
    <groups>
    </groups>
    <test name="LoginTests for Chrome" duration-ms="6923" started-at="2019-08-24T01:57:35Z" finished-at="2019-08-24T01:57:42Z">
      <class name="com.reqresLoginTests.LoginTests">
        <test-method status="PASS" signature="beforeClass(java.lang.String)[pri:0, instance:com.reqresLoginTests.LoginTests@65d6b83b]" name="beforeClass" is-config="true" duration-ms="5928" started-at="2019-08-23T21:57:35Z" finished-at="2019-08-23T21:57:41Z">
          <params>
            <param index="0">
              <value>
                <![CDATA[Chrome]]>
              </value>
            </param>
          </params>
          <reporter-output>
          </reporter-output>
        </test-method> <!-- beforeClass -->
        <test-method status="PASS" signature="successfulLogin()[pri:0, instance:com.reqresLoginTests.LoginTests@65d6b83b]" name="successfulLogin" duration-ms="81" started-at="2019-08-23T21:57:41Z" finished-at="2019-08-23T21:57:41Z">
          <reporter-output>
          </reporter-output>
        </test-method> <!-- successfulLogin -->
        <test-method status="PASS" signature="invalidUsername()[pri:0, instance:com.reqresLoginTests.LoginTests@65d6b83b]" name="invalidUsername" duration-ms="9" started-at="2019-08-23T21:57:41Z" finished-at="2019-08-23T21:57:41Z">
          <reporter-output>
          </reporter-output>
        </test-method> <!-- invalidUsername -->
        <test-method status="PASS" signature="invalidPassword_butValidUsername()[pri:0, instance:com.reqresLoginTests.LoginTests@65d6b83b]" name="invalidPassword_butValidUsername" duration-ms="628" started-at="2019-08-23T21:57:41Z" finished-at="2019-08-23T21:57:41Z">
          <reporter-output>
          </reporter-output>
        </test-method> <!-- invalidPassword_butValidUsername -->
        <test-method status="PASS" signature="afterClass()[pri:0, instance:com.reqresLoginTests.LoginTests@65d6b83b]" name="afterClass" is-config="true" duration-ms="168" started-at="2019-08-23T21:57:41Z" finished-at="2019-08-23T21:57:42Z">
          <reporter-output>
          </reporter-output>
        </test-method> <!-- afterClass -->
      </class> <!-- com.reqresLoginTests.LoginTests -->
    </test> <!-- LoginTests for Chrome -->
  </suite> <!-- Regression Suite -->
</testng-results>
